<?xml version="1.0" encoding="UTF-8"?>
<!-- Generated by org.testng.reporters.JUnitReportReporter -->
<testsuite hostname="DESKTOP-VDH35U1" failures="0" tests="2" name="com.dc.rns.qa.TestCase.LoginNegative" time="24.416" errors="0" timestamp="2022-01-26T10:49:20 GST" skipped="0">
  <testcase classname="com.dc.rns.qa.TestCase.LoginNegative" name="fnLogin" time="8.636"/>
  <system-out/>
  <testcase classname="com.dc.rns.qa.TestCase.LoginNegative" name="setBrowser" time="15.780"/>
  <system-out/>
</testsuite> <!-- com.dc.rns.qa.TestCase.LoginNegative -->
