<?xml version="1.0" encoding="UTF-8"?>
<!-- Generated by org.testng.reporters.JUnitReportReporter -->
<testsuite hostname="DESKTOP-VDH35U1" failures="0" tests="1" name="Utilities.DynamicTestRunner" time="1.606" errors="0" timestamp="2022-02-18T16:55:10 GST" skipped="0">
  <testcase classname="Utilities.DynamicTestRunner" name="Testng" time="1.606"/>
  <system-out/>
</testsuite> <!-- Utilities.DynamicTestRunner -->
