<?xml version="1.0" encoding="UTF-8"?>
<!-- Generated by org.testng.reporters.JUnitReportReporter -->
<testsuite hostname="DESKTOP-VDH35U1" failures="0" tests="1" name="com.dc.rns.qa.TestCase.BaseTest" time="32.655" errors="0" timestamp="2022-02-18T17:15:09 GST" skipped="0">
  <testcase classname="com.dc.rns.qa.TestCase.BaseTest" name="setBrowser" time="32.655"/>
  <system-out/>
</testsuite> <!-- com.dc.rns.qa.TestCase.BaseTest -->
